<?xml version="1.0" encoding="UTF-8"?>
<!-- Generated by org.testng.reporters.JUnitXMLReporter -->
<testsuite ignored="3" hostname="NTZ-CPU-074" failures="0" tests="1" name="Default test" time="10.745" errors="0" timestamp="2024-07-24T18:27:40 IST">
  <testcase classname="com.amelio.qa.testcases.RegisterTest" name="verifyRegisterWithoutAnyDetails" time="0.547"/>
  <testcase classname="com.amelio.qa.testcases.RegisterTest" name="verifyRegisterAccountWithExistingEmailAddress" time="0.0">
    <ignored/>
  </testcase> <!-- verifyRegisterAccountWithExistingEmailAddress -->
  <testcase classname="com.amelio.qa.testcases.RegisterTest" name="verifyRegistratingAccountWithMandotoryFields" time="0.0">
    <ignored/>
  </testcase> <!-- verifyRegistratingAccountWithMandotoryFields -->
  <testcase classname="com.amelio.qa.testcases.RegisterTest" name="verifyRegisteringAccountByProvidingAllFields" time="0.0">
    <ignored/>
  </testcase> <!-- verifyRegisteringAccountByProvidingAllFields -->
</testsuite> <!-- Default test -->
