<?xml version="1.0" encoding="UTF-8"?>
<!-- Generated by org.testng.reporters.JUnitXMLReporter -->
<testsuite ignored="3" hostname="LAPTOP-9IPSPFPN" failures="0" tests="3" name="Default test" time="43.758" errors="0" timestamp="2024-07-08T14:27:49 IST">
  <testcase classname="com.amelio.qa.testcases.LoginTest" name="verifyLoginWithValidCredentials" time="1.696"/>
  <testcase classname="com.amelio.qa.testcases.LoginTest" name="verifyLoginWithValidCredentials" time="1.665"/>
  <testcase classname="com.amelio.qa.testcases.LoginTest" name="verifyLoginWithValidCredentials" time="1.888"/>
  <testcase classname="com.amelio.qa.testcases.LoginTest" name="LoginWithInvalidEmailAndValidPasswordCredential" time="0.0">
    <ignored/>
  </testcase> <!-- LoginWithInvalidEmailAndValidPasswordCredential -->
  <testcase classname="com.amelio.qa.testcases.LoginTest" name="LoginWithEmptyUserNameAndPassword" time="0.0">
    <ignored/>
  </testcase> <!-- LoginWithEmptyUserNameAndPassword -->
  <testcase classname="com.amelio.qa.testcases.LoginTest" name="LoginWithValidMailAndInvalidPassword" time="0.0">
    <ignored/>
  </testcase> <!-- LoginWithValidMailAndInvalidPassword -->
</testsuite> <!-- Default test -->
