<?xml version="1.0" encoding="UTF-8"?>
<testng-results ignored="0" total="1" passed="1" failed="0" skipped="0">
  <reporter-output>
  </reporter-output>
  <suite started-at="2024-07-24T18:27:29 IST" name="Default suite" finished-at="2024-07-24T18:27:40 IST" duration-ms="10745">
    <groups>
    </groups>
    <test started-at="2024-07-24T18:27:29 IST" name="Default test" finished-at="2024-07-24T18:27:40 IST" duration-ms="10745">
      <class name="com.amelio.qa.testcases.RegisterTest">
        <test-method is-config="true" signature="setup()[pri:0, instance:com.amelio.qa.testcases.RegisterTest@7bba5817]" started-at="2024-07-24T18:27:29 IST" name="setup" finished-at="2024-07-24T18:27:38 IST" duration-ms="8873" status="PASS">
          <reporter-output>
          </reporter-output>
        </test-method> <!-- setup -->
        <test-method signature="verifyRegisterWithoutAnyDetails()[pri:4, instance:com.amelio.qa.testcases.RegisterTest@7bba5817]" started-at="2024-07-24T18:27:38 IST" name="verifyRegisterWithoutAnyDetails" finished-at="2024-07-24T18:27:38 IST" duration-ms="547" status="PASS">
          <reporter-output>
          </reporter-output>
        </test-method> <!-- verifyRegisterWithoutAnyDetails -->
        <test-method is-config="true" signature="tearDown()[pri:0, instance:com.amelio.qa.testcases.RegisterTest@7bba5817]" started-at="2024-07-24T18:27:38 IST" name="tearDown" finished-at="2024-07-24T18:27:40 IST" duration-ms="1290" status="PASS">
          <reporter-output>
          </reporter-output>
        </test-method> <!-- tearDown -->
      </class> <!-- com.amelio.qa.testcases.RegisterTest -->
    </test> <!-- Default test -->
  </suite> <!-- Default suite -->
</testng-results>
