<?xml version="1.0" encoding="UTF-8"?>
<testng-results ignored="0" total="3" passed="3" failed="0" skipped="0">
  <reporter-output>
  </reporter-output>
  <suite started-at="2024-07-08T14:27:06 IST" name="Default suite" finished-at="2024-07-08T14:27:49 IST" duration-ms="43758">
    <groups>
    </groups>
    <test started-at="2024-07-08T14:27:06 IST" name="Default test" finished-at="2024-07-08T14:27:49 IST" duration-ms="43758">
      <class name="com.amelio.qa.testcases.LoginTest">
        <test-method is-config="true" signature="setup()[pri:0, instance:com.amelio.qa.testcases.LoginTest@48075da3]" started-at="2024-07-08T14:27:07 IST" name="setup" finished-at="2024-07-08T14:27:23 IST" duration-ms="16494" status="PASS">
          <reporter-output>
          </reporter-output>
        </test-method> <!-- setup -->
        <test-method signature="verifyLoginWithValidCredentials(java.lang.String,java.lang.String)[pri:1, instance:com.amelio.qa.testcases.LoginTest@48075da3]" started-at="2024-07-08T14:27:23 IST" name="verifyLoginWithValidCredentials" data-provider="validCredentialSupplier" finished-at="2024-07-08T14:27:25 IST" duration-ms="1696" status="PASS">
          <params>
            <param index="0">
              <value>
                <![CDATA[gunsolamanish@yopmail.com]]>
              </value>
            </param>
            <param index="1">
              <value>
                <![CDATA[Artimanish@123]]>
              </value>
            </param>
          </params>
          <reporter-output>
          </reporter-output>
        </test-method> <!-- verifyLoginWithValidCredentials -->
        <test-method is-config="true" signature="tearDown()[pri:0, instance:com.amelio.qa.testcases.LoginTest@48075da3]" started-at="2024-07-08T14:27:25 IST" name="tearDown" finished-at="2024-07-08T14:27:27 IST" duration-ms="1692" status="PASS">
          <reporter-output>
          </reporter-output>
        </test-method> <!-- tearDown -->
        <test-method is-config="true" signature="setup()[pri:0, instance:com.amelio.qa.testcases.LoginTest@48075da3]" started-at="2024-07-08T14:27:27 IST" name="setup" finished-at="2024-07-08T14:27:35 IST" duration-ms="8311" status="PASS">
          <reporter-output>
          </reporter-output>
        </test-method> <!-- setup -->
        <test-method signature="verifyLoginWithValidCredentials(java.lang.String,java.lang.String)[pri:1, instance:com.amelio.qa.testcases.LoginTest@48075da3]" started-at="2024-07-08T14:27:35 IST" name="verifyLoginWithValidCredentials" data-provider="validCredentialSupplier" finished-at="2024-07-08T14:27:37 IST" duration-ms="1665" status="PASS">
          <params>
            <param index="0">
              <value>
                <![CDATA[amotooricap1@gmail.com]]>
              </value>
            </param>
            <param index="1">
              <value>
                <![CDATA[12345]]>
              </value>
            </param>
          </params>
          <reporter-output>
          </reporter-output>
        </test-method> <!-- verifyLoginWithValidCredentials -->
        <test-method is-config="true" signature="tearDown()[pri:0, instance:com.amelio.qa.testcases.LoginTest@48075da3]" started-at="2024-07-08T14:27:37 IST" name="tearDown" finished-at="2024-07-08T14:27:38 IST" duration-ms="1419" status="PASS">
          <reporter-output>
          </reporter-output>
        </test-method> <!-- tearDown -->
        <test-method is-config="true" signature="setup()[pri:0, instance:com.amelio.qa.testcases.LoginTest@48075da3]" started-at="2024-07-08T14:27:38 IST" name="setup" finished-at="2024-07-08T14:27:46 IST" duration-ms="7551" status="PASS">
          <reporter-output>
          </reporter-output>
        </test-method> <!-- setup -->
        <test-method signature="verifyLoginWithValidCredentials(java.lang.String,java.lang.String)[pri:1, instance:com.amelio.qa.testcases.LoginTest@48075da3]" started-at="2024-07-08T14:27:46 IST" name="verifyLoginWithValidCredentials" data-provider="validCredentialSupplier" finished-at="2024-07-08T14:27:47 IST" duration-ms="1888" status="PASS">
          <params>
            <param index="0">
              <value>
                <![CDATA[amotooricap3@gmail.com]]>
              </value>
            </param>
            <param index="1">
              <value>
                <![CDATA[12345]]>
              </value>
            </param>
          </params>
          <reporter-output>
          </reporter-output>
        </test-method> <!-- verifyLoginWithValidCredentials -->
        <test-method is-config="true" signature="tearDown()[pri:0, instance:com.amelio.qa.testcases.LoginTest@48075da3]" started-at="2024-07-08T14:27:47 IST" name="tearDown" finished-at="2024-07-08T14:27:49 IST" duration-ms="1888" status="PASS">
          <reporter-output>
          </reporter-output>
        </test-method> <!-- tearDown -->
      </class> <!-- com.amelio.qa.testcases.LoginTest -->
    </test> <!-- Default test -->
  </suite> <!-- Default suite -->
</testng-results>
