<?xml version="1.0" encoding="UTF-8"?>
<!-- Generated by org.testng.reporters.JUnitXMLReporter -->
<testsuite ignored="0" hostname="NTZ-CPU-074" failures="0" tests="13" name="Amelio Test Cases" time="149.003" errors="0" timestamp="2024-07-24T16:07:46 IST">
  <testcase classname="com.amelio.qa.testcases.LoginTest" name="verifyLoginWithValidCredentials" time="1.004"/>
  <testcase classname="com.amelio.qa.testcases.LoginTest" name="verifyLoginWithValidCredentials" time="1.356"/>
  <testcase classname="com.amelio.qa.testcases.LoginTest" name="verifyLoginWithValidCredentials" time="1.011"/>
  <testcase classname="com.amelio.qa.testcases.LoginTest" name="LoginWithInvalidEmailAndValidPasswordCredential" time="0.696"/>
  <testcase classname="com.amelio.qa.testcases.LoginTest" name="LoginWithValidMailAndInvalidPassword" time="0.699"/>
  <testcase classname="com.amelio.qa.testcases.LoginTest" name="LoginWithEmptyUserNameAndPassword" time="0.563"/>
  <testcase classname="com.amelio.qa.testcases.RegisterTest" name="verifyRegistratingAccountWithMandotoryFields" time="1.233"/>
  <testcase classname="com.amelio.qa.testcases.RegisterTest" name="verifyRegisteringAccountByProvidingAllFields" time="1.227"/>
  <testcase classname="com.amelio.qa.testcases.RegisterTest" name="verifyRegisterAccountWithExistingEmailAddress" time="0.892"/>
  <testcase classname="com.amelio.qa.testcases.RegisterTest" name="verifyRegisterWithoutAnyDetails" time="0.574"/>
  <testcase classname="com.amelio.qa.testcases.SearchTest" name="verifySearchWithValidProduct" time="0.736"/>
  <testcase classname="com.amelio.qa.testcases.SearchTest" name="verifySearchWithInvalidProduct" time="0.52"/>
  <testcase classname="com.amelio.qa.testcases.SearchTest" name="verifySearchWithNoProduct" time="0.401"/>
</testsuite> <!-- Amelio Test Cases -->
