<?xml version="1.0" encoding="UTF-8"?>
<!-- Generated by org.testng.reporters.JUnitXMLReporter -->
<testsuite ignored="0" hostname="LAPTOP-9IPSPFPN" failures="0" tests="11" name="Amelio Test Cases" time="105.583" errors="0" timestamp="2024-07-01T13:28:52 IST">
  <testcase classname="com.amelio.qa.testcases.LoginTest" name="verifyLoginWithValidCredentials" time="1.339"/>
  <testcase classname="com.amelio.qa.testcases.LoginTest" name="LoginWithInvalidEmailAndValidPasswordCredential" time="1.112"/>
  <testcase classname="com.amelio.qa.testcases.LoginTest" name="LoginWithValidMailAndInvalidPassword" time="0.903"/>
  <testcase classname="com.amelio.qa.testcases.LoginTest" name="LoginWithEmptyUserNameAndPassword" time="0.726"/>
  <testcase classname="com.amelio.qa.testcases.RegisterTest" name="verifyRegistratingAccountWithMandotoryFields" time="1.662"/>
  <testcase classname="com.amelio.qa.testcases.RegisterTest" name="verifyRegisteringAccountByProvidingAllFields" time="1.835"/>
  <testcase classname="com.amelio.qa.testcases.RegisterTest" name="verifyRegisterAccountWithExistingEmailAddress" time="1.877"/>
  <testcase classname="com.amelio.qa.testcases.RegisterTest" name="verifyRegisterWithoutAnyDetails" time="0.725"/>
  <testcase classname="com.amelio.qa.testcases.SearchTest" name="verifySearchWithValidProduct" time="1.278"/>
  <testcase classname="com.amelio.qa.testcases.SearchTest" name="verifySearchWithInvalidProduct" time="1.025"/>
  <testcase classname="com.amelio.qa.testcases.SearchTest" name="verifySearchWithNoProduct" time="0.507"/>
</testsuite> <!-- Amelio Test Cases -->
